<?xml version="1.0" encoding="UTF-8"?>
<!-- Generated by org.testng.reporters.JUnitReportReporter -->
<testsuite hostname="DESKTOP-0QVDKC7" name="academy.ValidateNavigationBar" tests="1" failures="0" timestamp="8 Apr 2021 11:47:41 GMT" time="8.652" errors="0">
  <testcase name="validateAppNavBar" time="8.652" classname="academy.ValidateNavigationBar"/>
</testsuite> <!-- academy.ValidateNavigationBar -->
