<?xml version="1.0" encoding="UTF-8"?>
<!-- Generated by org.testng.reporters.JUnitReportReporter -->
<testsuite hostname="DESKTOP-0QVDKC7" name="academy.HomePage" tests="2" failures="0" timestamp="8 Apr 2021 11:47:41 GMT" time="15.402" errors="0">
  <testcase name="basePageNavigation" time="3.827" classname="academy.HomePage"/>
  <testcase name="basePageNavigation" time="11.575" classname="academy.HomePage"/>
</testsuite> <!-- academy.HomePage -->
