<?xml version="1.0" encoding="UTF-8"?>
<!-- Generated by org.testng.reporters.JUnitReportReporter -->
<testsuite hostname="DESKTOP-0QVDKC7" name="academy.HomePage" tests="2" failures="0" timestamp="7 Apr 2021 12:11:24 GMT" time="29.103" errors="0">
  <testcase name="basePageNavigation" time="14.784" classname="academy.HomePage"/>
  <testcase name="basePageNavigation" time="14.319" classname="academy.HomePage"/>
</testsuite> <!-- academy.HomePage -->
