<?xml version="1.0" encoding="UTF-8"?>
<!-- Generated by org.testng.reporters.JUnitReportReporter -->
<testsuite hostname="DESKTOP-0QVDKC7" name="academy.ValidateNavigationBar" tests="1" failures="0" timestamp="7 Apr 2021 12:11:24 GMT" time="5.919" errors="0">
  <testcase name="validateAppNavBar" time="5.919" classname="academy.ValidateNavigationBar"/>
</testsuite> <!-- academy.ValidateNavigationBar -->
