<?xml version="1.0" encoding="UTF-8"?>
<!-- Generated by org.testng.reporters.JUnitReportReporter -->
<testsuite hostname="DESKTOP-0QVDKC7" name="academy.ValidateTitle" tests="1" failures="0" timestamp="7 Apr 2021 12:11:24 GMT" time="23.708" errors="0">
  <testcase name="validateAppTitle" time="23.708" classname="academy.ValidateTitle"/>
</testsuite> <!-- academy.ValidateTitle -->
